<?xml version="1.0" encoding="utf-8"?>
<TestRun id="eaa368f8-4121-4b96-8188-fb477908eb90" name="@serhii 2026-06-08 17:16:58" xmlns="http://microsoft.com/schemas/VisualStudio/TeamTest/2010">
  <Times creation="2026-06-08T17:16:58.4189507+03:00" queuing="2026-06-08T17:16:58.4189508+03:00" start="2026-06-08T17:16:42.3533572+03:00" finish="2026-06-08T17:16:58.4237845+03:00" />
  <TestSettings name="default" id="627a8298-7d5b-43b0-bffb-fc83aa08c3dd">
    <Deployment runDeploymentRoot="_serhii_2026-06-08_17_16_58" />
  </TestSettings>
  <Results>
    <UnitTestResult executionId="193cf0f5-e1a7-49a3-956e-eb271f6d972c" testId="1d88e3fe-d24c-8e78-9a83-b5013332c7b2" testName="StringAssertions" computerName="serhii" duration="00:00:14.5218787" startTime="2026-06-08T17:16:43.7992626+03:00" endTime="2026-06-08T17:16:58.3351677+03:00" testType="13cdc9d9-ddb5-4fa4-a97d-d965ccfc6d4b" outcome="Passed" testListId="8c84fa94-04c1-424b-9868-57a2d4851a1d" relativeResultsDirectory="193cf0f5-e1a7-49a3-956e-eb271f6d972c" />
  </Results>
  <TestDefinitions>
    <UnitTest name="StringAssertions" storage="/home/serhii/serhii.home/git/java_sandbox/csharp-sandbox/cs-mstest-tests/bin/debug/net10.0/csmstesttests.dll" id="1d88e3fe-d24c-8e78-9a83-b5013332c7b2">
      <Execution id="193cf0f5-e1a7-49a3-956e-eb271f6d972c" />
      <TestMethod codeBase="/home/serhii/serhii.home/git/java_sandbox/csharp-sandbox/cs-mstest-tests/bin/Debug/net10.0/CsMstestTests.dll" adapterTypeName="executor://mstestadapter/v4" className="CsMstestTests.AssertionsTests" name="StringAssertions" />
    </UnitTest>
  </TestDefinitions>
  <TestEntries>
    <TestEntry testId="1d88e3fe-d24c-8e78-9a83-b5013332c7b2" executionId="193cf0f5-e1a7-49a3-956e-eb271f6d972c" testListId="8c84fa94-04c1-424b-9868-57a2d4851a1d" />
  </TestEntries>
  <TestLists>
    <TestList name="Results Not in a List" id="8c84fa94-04c1-424b-9868-57a2d4851a1d" />
    <TestList name="All Loaded Results" id="19431567-8539-422a-85d7-44ee4e166bda" />
  </TestLists>
  <ResultSummary outcome="Completed">
    <Counters total="1" executed="1" passed="1" failed="0" error="0" timeout="0" aborted="0" inconclusive="0" passedButRunAborted="0" notRunnable="0" notExecuted="0" disconnected="0" warning="0" completed="0" inProgress="0" pending="0" />
    <Output>
      <StdOut>Waiting for debugger attach...
Process Id: 723468, Name: dotnet
Test Parallelization enabled for /home/serhii/serhii.home/git/java_sandbox/csharp-sandbox/cs-mstest-tests/bin/Debug/net10.0/CsMstestTests.dll (Workers: 20, Scope: MethodLevel)
</StdOut>
    </Output>
  </ResultSummary>
</TestRun>