<?xml version="1.0" encoding="utf-8"?>
<TestRun id="e4ec87ba-a5cd-4efd-8c81-98bea6952984" name="@serhii 2026-06-08 17:24:41" xmlns="http://microsoft.com/schemas/VisualStudio/TeamTest/2010">
  <Times creation="2026-06-08T17:24:41.4254899+03:00" queuing="2026-06-08T17:24:41.4254899+03:00" start="2026-06-08T17:24:36.6627010+03:00" finish="2026-06-08T17:24:41.4303022+03:00" />
  <TestSettings name="default" id="fdb62cca-527b-4af4-a6e3-6589afb97a1b">
    <Deployment runDeploymentRoot="_serhii_2026-06-08_17_24_41" />
  </TestSettings>
  <Results>
    <UnitTestResult executionId="b5d46395-1016-4061-bb5d-c44fcbc82a86" testId="57f107c7-8791-726c-faa7-81a4621894eb" testName="CsXunitTests.AssertionsTests.NumberAssertions" computerName="serhii" duration="00:00:03.8600154" startTime="2026-06-08T17:24:37.4696356+03:00" endTime="2026-06-08T17:24:41.3384027+03:00" testType="13cdc9d9-ddb5-4fa4-a97d-d965ccfc6d4b" outcome="Passed" testListId="8c84fa94-04c1-424b-9868-57a2d4851a1d" relativeResultsDirectory="b5d46395-1016-4061-bb5d-c44fcbc82a86" />
  </Results>
  <TestDefinitions>
    <UnitTest name="CsXunitTests.AssertionsTests.NumberAssertions" storage="/home/serhii/serhii.home/git/java_sandbox/csharp-sandbox/cs-xunit-tests/bin/debug/net10.0/csxunittests.dll" id="57f107c7-8791-726c-faa7-81a4621894eb">
      <Execution id="b5d46395-1016-4061-bb5d-c44fcbc82a86" />
      <TestMethod codeBase="/home/serhii/serhii.home/git/java_sandbox/csharp-sandbox/cs-xunit-tests/bin/Debug/net10.0/CsXunitTests.dll" adapterTypeName="executor://xunit/VsTestRunner3/netcore/" className="CsXunitTests.AssertionsTests" name="NumberAssertions" />
    </UnitTest>
  </TestDefinitions>
  <TestEntries>
    <TestEntry testId="57f107c7-8791-726c-faa7-81a4621894eb" executionId="b5d46395-1016-4061-bb5d-c44fcbc82a86" testListId="8c84fa94-04c1-424b-9868-57a2d4851a1d" />
  </TestEntries>
  <TestLists>
    <TestList name="Results Not in a List" id="8c84fa94-04c1-424b-9868-57a2d4851a1d" />
    <TestList name="All Loaded Results" id="19431567-8539-422a-85d7-44ee4e166bda" />
  </TestLists>
  <ResultSummary outcome="Completed">
    <Counters total="1" executed="1" passed="1" failed="0" error="0" timeout="0" aborted="0" inconclusive="0" passedButRunAborted="0" notRunnable="0" notExecuted="0" disconnected="0" warning="0" completed="0" inProgress="0" pending="0" />
    <Output>
      <StdOut>Waiting for debugger attach...
Process Id: 822996, Name: dotnet
[xUnit.net 00:00:00.00] xUnit.net VSTest Adapter v3.1.4+50e68bbb8b (64-bit .NET 10.0.8)
[xUnit.net 00:00:00.07]   Discovering: CsXunitTests
[xUnit.net 00:00:00.32]   Discovered:  CsXunitTests
[xUnit.net 00:00:00.33]   Starting:    CsXunitTests
[xUnit.net 00:00:04.25]   Finished:    CsXunitTests
</StdOut>
    </Output>
    <RunInfos>
      <RunInfo computerName="serhii" outcome="Warning" timestamp="2026-06-08T17:24:37.1251094+03:00">
        <Text>[xUnit.net 00:00:00.00] * Note: Long running test detection and test timeouts are disabled due to an attached debugger *</Text>
      </RunInfo>
    </RunInfos>
  </ResultSummary>
</TestRun>